
/home/runner/work/exp-sao-bcd-to-excess-3-code-converter-nitk/exp-sao-bcd-to-excess-3-code-converter-nitk/experiment/simulation/js/script.js
    2:7   warning  'stepNumber' is assigned a value but never used  no-unused-vars
    3:7   warning  'stepTitle' is assigned a value but never used   no-unused-vars
    4:7   warning  'taskTitle' is assigned a value but never used   no-unused-vars
    6:10  warning  'Refresh' is defined but never used              no-unused-vars
   11:10  warning  'AddData' is defined but never used              no-unused-vars
   20:7   warning  's1' is assigned a value but never used          no-unused-vars
   21:7   warning  's19' is assigned a value but never used         no-unused-vars
   22:7   warning  's2' is assigned a value but never used          no-unused-vars
   23:7   warning  's3' is assigned a value but never used          no-unused-vars
   24:7   warning  's4' is assigned a value but never used          no-unused-vars
   25:7   warning  's5' is assigned a value but never used          no-unused-vars
   26:7   warning  's15' is assigned a value but never used         no-unused-vars
   27:7   warning  's17' is assigned a value but never used         no-unused-vars
   28:7   warning  's18' is assigned a value but never used         no-unused-vars
   29:7   warning  's20' is assigned a value but never used         no-unused-vars
   30:7   warning  's16' is assigned a value but never used         no-unused-vars
   31:7   warning  's14' is assigned a value but never used         no-unused-vars
   32:7   warning  's8' is assigned a value but never used          no-unused-vars
   33:7   warning  's9' is assigned a value but never used          no-unused-vars
   34:7   warning  's10' is assigned a value but never used         no-unused-vars
   35:7   warning  's11' is assigned a value but never used         no-unused-vars
   36:7   warning  's6' is assigned a value but never used          no-unused-vars
   37:7   warning  's7' is assigned a value but never used          no-unused-vars
   38:7   warning  's12' is assigned a value but never used         no-unused-vars
   39:7   warning  's13' is assigned a value but never used         no-unused-vars
   40:7   warning  's21' is assigned a value but never used         no-unused-vars
   41:7   warning  's22' is assigned a value but never used         no-unused-vars
   42:7   warning  's23' is assigned a value but never used         no-unused-vars
   55:9   warning  'S1' is not defined                              no-undef
   55:31  warning  'S19' is not defined                             no-undef
   58:9   warning  'S1' is not defined                              no-undef
   58:31  warning  'S19' is not defined                             no-undef
   61:9   warning  'S1' is not defined                              no-undef
   61:32  warning  'S19' is not defined                             no-undef
   64:9   warning  'S1' is not defined                              no-undef
   64:32  warning  'S19' is not defined                             no-undef
   69:9   warning  'S1' is not defined                              no-undef
   69:31  warning  'S19' is not defined                             no-undef
   72:9   warning  'S1' is not defined                              no-undef
   72:31  warning  'S19' is not defined                             no-undef
   75:9   warning  'S1' is not defined                              no-undef
   75:32  warning  'S19' is not defined                             no-undef
   78:9   warning  'S1' is not defined                              no-undef
   78:32  warning  'S19' is not defined                             no-undef
   83:9   warning  'S2' is not defined                              no-undef
   83:31  warning  'S3' is not defined                              no-undef
   86:9   warning  'S2' is not defined                              no-undef
   86:31  warning  'S3' is not defined                              no-undef
   89:9   warning  'S2' is not defined                              no-undef
   89:32  warning  'S3' is not defined                              no-undef
   92:9   warning  'S2' is not defined                              no-undef
   92:32  warning  'S3' is not defined                              no-undef
   97:9   warning  'S2' is not defined                              no-undef
   97:31  warning  'S3' is not defined                              no-undef
  100:9   warning  'S2' is not defined                              no-undef
  100:31  warning  'S3' is not defined                              no-undef
  103:9   warning  'S2' is not defined                              no-undef
  103:32  warning  'S3' is not defined                              no-undef
  106:9   warning  'S2' is not defined                              no-undef
  106:32  warning  'S3' is not defined                              no-undef
  111:9   warning  'S2' is not defined                              no-undef
  111:31  warning  'S3' is not defined                              no-undef
  114:9   warning  'S2' is not defined                              no-undef
  114:31  warning  'S3' is not defined                              no-undef
  117:9   warning  'S2' is not defined                              no-undef
  117:32  warning  'S3' is not defined                              no-undef
  120:9   warning  'S2' is not defined                              no-undef
  120:32  warning  'S3' is not defined                              no-undef
  125:9   warning  'S2' is not defined                              no-undef
  125:31  warning  'S3' is not defined                              no-undef
  128:9   warning  'S2' is not defined                              no-undef
  128:31  warning  'S3' is not defined                              no-undef
  131:9   warning  'S2' is not defined                              no-undef
  131:32  warning  'S3' is not defined                              no-undef
  134:9   warning  'S2' is not defined                              no-undef
  134:32  warning  'S3' is not defined                              no-undef
  139:9   warning  'S4' is not defined                              no-undef
  139:31  warning  'S5' is not defined                              no-undef
  142:9   warning  'S4' is not defined                              no-undef
  142:31  warning  'S5' is not defined                              no-undef
  145:9   warning  'S4' is not defined                              no-undef
  145:32  warning  'S5' is not defined                              no-undef
  148:9   warning  'S4' is not defined                              no-undef
  148:32  warning  'S5' is not defined                              no-undef
  153:9   warning  'S4' is not defined                              no-undef
  153:31  warning  'S5' is not defined                              no-undef
  156:9   warning  'S4' is not defined                              no-undef
  156:31  warning  'S5' is not defined                              no-undef
  159:9   warning  'S4' is not defined                              no-undef
  159:32  warning  'S5' is not defined                              no-undef
  162:9   warning  'S4' is not defined                              no-undef
  162:32  warning  'S5' is not defined                              no-undef
  167:9   warning  'S4' is not defined                              no-undef
  167:31  warning  'S5' is not defined                              no-undef
  170:9   warning  'S4' is not defined                              no-undef
  170:31  warning  'S5' is not defined                              no-undef
  173:9   warning  'S4' is not defined                              no-undef
  173:32  warning  'S5' is not defined                              no-undef
  176:9   warning  'S4' is not defined                              no-undef
  176:32  warning  'S5' is not defined                              no-undef
  181:9   warning  'S4' is not defined                              no-undef
  181:31  warning  'S5' is not defined                              no-undef
  184:9   warning  'S4' is not defined                              no-undef
  184:31  warning  'S5' is not defined                              no-undef
  187:9   warning  'S4' is not defined                              no-undef
  187:32  warning  'S5' is not defined                              no-undef
  190:9   warning  'S4' is not defined                              no-undef
  190:32  warning  'S5' is not defined                              no-undef
  195:9   warning  'S15' is not defined                             no-undef
  198:9   warning  'S15' is not defined                             no-undef
  208:9   warning  'S18' is not defined                             no-undef
  208:32  warning  'S17' is not defined                             no-undef
  211:9   warning  'S18' is not defined                             no-undef
  211:32  warning  'S17' is not defined                             no-undef
  214:9   warning  'S18' is not defined                             no-undef
  214:33  warning  'S17' is not defined                             no-undef
  217:9   warning  'S18' is not defined                             no-undef
  217:33  warning  'S17' is not defined                             no-undef
  222:9   warning  'S18' is not defined                             no-undef
  222:32  warning  'S17' is not defined                             no-undef
  225:9   warning  'S18' is not defined                             no-undef
  225:32  warning  'S17' is not defined                             no-undef
  228:9   warning  'S18' is not defined                             no-undef
  228:33  warning  'S17' is not defined                             no-undef
  231:9   warning  'S18' is not defined                             no-undef
  231:33  warning  'S17' is not defined                             no-undef
  236:9   warning  'S18' is not defined                             no-undef
  236:32  warning  'S17' is not defined                             no-undef
  239:9   warning  'S18' is not defined                             no-undef
  239:32  warning  'S17' is not defined                             no-undef
  242:9   warning  'S18' is not defined                             no-undef
  242:33  warning  'S17' is not defined                             no-undef
  245:9   warning  'S18' is not defined                             no-undef
  245:33  warning  'S17' is not defined                             no-undef
  250:9   warning  'S18' is not defined                             no-undef
  250:32  warning  'S17' is not defined                             no-undef
  253:9   warning  'S18' is not defined                             no-undef
  253:32  warning  'S17' is not defined                             no-undef
  256:9   warning  'S18' is not defined                             no-undef
  256:33  warning  'S17' is not defined                             no-undef
  259:9   warning  'S18' is not defined                             no-undef
  259:33  warning  'S17' is not defined                             no-undef
  263:7   warning  'S20' is not defined                             no-undef
  266:7   warning  'S20' is not defined                             no-undef
  270:9   warning  'S16' is not defined                             no-undef
  270:32  warning  'S14' is not defined                             no-undef
  273:9   warning  'S16' is not defined                             no-undef
  273:32  warning  'S14' is not defined                             no-undef
  276:9   warning  'S16' is not defined                             no-undef
  276:33  warning  'S14' is not defined                             no-undef
  279:9   warning  'S16' is not defined                             no-undef
  279:33  warning  'S14' is not defined                             no-undef
  284:9   warning  'S16' is not defined                             no-undef
  284:32  warning  'S14' is not defined                             no-undef
  287:9   warning  'S16' is not defined                             no-undef
  287:32  warning  'S14' is not defined                             no-undef
  290:9   warning  'S16' is not defined                             no-undef
  290:33  warning  'S14' is not defined                             no-undef
  293:9   warning  'S16' is not defined                             no-undef
  293:33  warning  'S14' is not defined                             no-undef
  298:9   warning  'S16' is not defined                             no-undef
  298:32  warning  'S14' is not defined                             no-undef
  301:9   warning  'S16' is not defined                             no-undef
  301:32  warning  'S14' is not defined                             no-undef
  304:9   warning  'S16' is not defined                             no-undef
  304:33  warning  'S14' is not defined                             no-undef
  307:9   warning  'S16' is not defined                             no-undef
  307:33  warning  'S14' is not defined                             no-undef
  312:9   warning  'S16' is not defined                             no-undef
  312:32  warning  'S14' is not defined                             no-undef
  315:9   warning  'S16' is not defined                             no-undef
  315:32  warning  'S14' is not defined                             no-undef
  318:9   warning  'S16' is not defined                             no-undef
  318:33  warning  'S14' is not defined                             no-undef
  321:9   warning  'S16' is not defined                             no-undef
  321:33  warning  'S14' is not defined                             no-undef
  326:9   warning  'S8' is not defined                              no-undef
  326:31  warning  'S9' is not defined                              no-undef
  329:9   warning  'S8' is not defined                              no-undef
  329:31  warning  'S9' is not defined                              no-undef
  332:9   warning  'S8' is not defined                              no-undef
  332:32  warning  'S9' is not defined                              no-undef
  335:9   warning  'S8' is not defined                              no-undef
  335:32  warning  'S9' is not defined                              no-undef
  340:9   warning  'S8' is not defined                              no-undef
  340:31  warning  'S9' is not defined                              no-undef
  343:9   warning  'S8' is not defined                              no-undef
  343:31  warning  'S9' is not defined                              no-undef
  346:9   warning  'S8' is not defined                              no-undef
  346:32  warning  'S9' is not defined                              no-undef
  349:9   warning  'S8' is not defined                              no-undef
  349:32  warning  'S9' is not defined                              no-undef
  354:9   warning  'S8' is not defined                              no-undef
  354:31  warning  'S9' is not defined                              no-undef
  357:9   warning  'S8' is not defined                              no-undef
  357:31  warning  'S9' is not defined                              no-undef
  360:9   warning  'S8' is not defined                              no-undef
  360:32  warning  'S9' is not defined                              no-undef
  363:9   warning  'S8' is not defined                              no-undef
  363:32  warning  'S9' is not defined                              no-undef
  368:9   warning  'S8' is not defined                              no-undef
  368:31  warning  'S9' is not defined                              no-undef
  371:9   warning  'S8' is not defined                              no-undef
  371:31  warning  'S9' is not defined                              no-undef
  374:9   warning  'S8' is not defined                              no-undef
  374:32  warning  'S9' is not defined                              no-undef
  377:9   warning  'S8' is not defined                              no-undef
  377:32  warning  'S9' is not defined                              no-undef
  382:9   warning  'S10' is not defined                             no-undef
  382:32  warning  'S9' is not defined                              no-undef
  385:9   warning  'S10' is not defined                             no-undef
  385:32  warning  'S9' is not defined                              no-undef
  388:9   warning  'S10' is not defined                             no-undef
  388:33  warning  'S9' is not defined                              no-undef
  391:9   warning  'S10' is not defined                             no-undef
  391:33  warning  'S9' is not defined                              no-undef
  396:9   warning  'S10' is not defined                             no-undef
  396:32  warning  'S9' is not defined                              no-undef
  399:9   warning  'S10' is not defined                             no-undef
  399:32  warning  'S9' is not defined                              no-undef
  402:9   warning  'S10' is not defined                             no-undef
  402:33  warning  'S9' is not defined                              no-undef
  405:9   warning  'S10' is not defined                             no-undef
  405:33  warning  'S9' is not defined                              no-undef
  410:9   warning  'S10' is not defined                             no-undef
  410:32  warning  'S9' is not defined                              no-undef
  413:9   warning  'S10' is not defined                             no-undef
  413:32  warning  'S9' is not defined                              no-undef
  416:9   warning  'S10' is not defined                             no-undef
  416:33  warning  'S9' is not defined                              no-undef
  419:9   warning  'S10' is not defined                             no-undef
  419:33  warning  'S9' is not defined                              no-undef
  424:9   warning  'S10' is not defined                             no-undef
  424:32  warning  'S9' is not defined                              no-undef
  427:9   warning  'S10' is not defined                             no-undef
  427:32  warning  'S9' is not defined                              no-undef
  430:9   warning  'S10' is not defined                             no-undef
  430:33  warning  'S9' is not defined                              no-undef
  433:9   warning  'S10' is not defined                             no-undef
  433:33  warning  'S9' is not defined                              no-undef
  437:7   warning  'S11' is not defined                             no-undef
  440:7   warning  'S11' is not defined                             no-undef
  447:9   warning  'S6' is not defined                              no-undef
  450:9   warning  'S6' is not defined                              no-undef
  455:9   warning  'S13' is not defined                             no-undef
  455:32  warning  'S12' is not defined                             no-undef
  458:9   warning  'S13' is not defined                             no-undef
  458:32  warning  'S12' is not defined                             no-undef
  461:9   warning  'S13' is not defined                             no-undef
  461:33  warning  'S12' is not defined                             no-undef
  464:9   warning  'S13' is not defined                             no-undef
  464:33  warning  'S12' is not defined                             no-undef
  469:9   warning  'S13' is not defined                             no-undef
  469:32  warning  'S12' is not defined                             no-undef
  472:9   warning  'S13' is not defined                             no-undef
  472:32  warning  'S12' is not defined                             no-undef
  475:9   warning  'S13' is not defined                             no-undef
  475:33  warning  'S12' is not defined                             no-undef
  478:9   warning  'S13' is not defined                             no-undef
  478:33  warning  'S12' is not defined                             no-undef
  483:9   warning  'S13' is not defined                             no-undef
  483:32  warning  'S12' is not defined                             no-undef
  486:9   warning  'S13' is not defined                             no-undef
  486:32  warning  'S12' is not defined                             no-undef
  489:9   warning  'S13' is not defined                             no-undef
  489:33  warning  'S12' is not defined                             no-undef
  492:9   warning  'S13' is not defined                             no-undef
  492:33  warning  'S12' is not defined                             no-undef
  497:9   warning  'S13' is not defined                             no-undef
  497:32  warning  'S12' is not defined                             no-undef
  500:9   warning  'S13' is not defined                             no-undef
  500:32  warning  'S12' is not defined                             no-undef
  503:9   warning  'S13' is not defined                             no-undef
  503:33  warning  'S12' is not defined                             no-undef
  506:9   warning  'S13' is not defined                             no-undef
  506:33  warning  'S12' is not defined                             no-undef
  511:9   warning  'S22' is not defined                             no-undef
  511:32  warning  'S21' is not defined                             no-undef
  514:9   warning  'S22' is not defined                             no-undef
  514:32  warning  'S21' is not defined                             no-undef
  517:9   warning  'S22' is not defined                             no-undef
  517:33  warning  'S21' is not defined                             no-undef
  520:9   warning  'S22' is not defined                             no-undef
  520:33  warning  'S21' is not defined                             no-undef
  525:9   warning  'S22' is not defined                             no-undef
  525:32  warning  'S21' is not defined                             no-undef
  528:9   warning  'S22' is not defined                             no-undef
  528:32  warning  'S21' is not defined                             no-undef
  531:9   warning  'S22' is not defined                             no-undef
  531:33  warning  'S21' is not defined                             no-undef
  534:9   warning  'S22' is not defined                             no-undef
  534:33  warning  'S21' is not defined                             no-undef
  539:9   warning  'S22' is not defined                             no-undef
  539:32  warning  'S21' is not defined                             no-undef
  542:9   warning  'S22' is not defined                             no-undef
  542:32  warning  'S21' is not defined                             no-undef
  545:9   warning  'S22' is not defined                             no-undef
  545:33  warning  'S21' is not defined                             no-undef
  548:9   warning  'S22' is not defined                             no-undef
  548:33  warning  'S21' is not defined                             no-undef
  553:9   warning  'S22' is not defined                             no-undef
  553:32  warning  'S21' is not defined                             no-undef
  556:9   warning  'S22' is not defined                             no-undef
  556:32  warning  'S21' is not defined                             no-undef
  559:9   warning  'S22' is not defined                             no-undef
  559:33  warning  'S21' is not defined                             no-undef
  562:9   warning  'S22' is not defined                             no-undef
  562:33  warning  'S21' is not defined                             no-undef
  566:7   warning  'S23' is not defined                             no-undef
  569:7   warning  'S23' is not defined                             no-undef
  599:10  warning  'clearForm' is defined but never used            no-unused-vars
  603:10  warning  'refreshPage' is defined but never used          no-unused-vars
  606:10  warning  'pr' is defined but never used                   no-unused-vars

✖ 313 problems (0 errors, 313 warnings)

